<?xml version="1.0" encoding="UTF-8"?>
<!-- Generated by org.testng.reporters.JUnitReportReporter -->
<testsuite hostname="classroom" name="TestScripts.Tc1_Login" tests="1" failures="0" timestamp="27 Mar 2018 02:14:15 GMT" time="11.765" errors="0">
  <testcase name="verifyOrangeHRM" time="11.765" classname="TestScripts.Tc1_Login"/>
</testsuite> <!-- TestScripts.Tc1_Login -->
