<?xml version="1.0" encoding="UTF-8"?>
<!-- Generated by org.testng.reporters.JUnitReportReporter -->
<testsuite hostname="classroom" name="TestScripts.TC5" tests="1" failures="0" timestamp="27 Mar 2018 02:14:15 GMT" time="0.000" errors="0">
  <testcase name="Method1" time="0.000" classname="TestScripts.TC5"/>
</testsuite> <!-- TestScripts.TC5 -->
