<?xml version="1.0" encoding="UTF-8"?>
<!-- Generated by org.testng.reporters.JUnitReportReporter -->
<testsuite hostname="classroom" name="TestScripts.TC2_AddEmp" tests="1" failures="0" timestamp="27 Mar 2018 02:14:15 GMT" time="19.015" errors="0">
  <testcase name="AddEmployee" time="19.015" classname="TestScripts.TC2_AddEmp"/>
</testsuite> <!-- TestScripts.TC2_AddEmp -->
