<?xml version="1.0" encoding="UTF-8"?>
<!-- Generated by org.testng.reporters.JUnitReportReporter -->
<testsuite hostname="classroom" name="TestScripts.Tc1_Login" tests="1" failures="0" timestamp="25 Mar 2018 05:19:46 GMT" time="14.271" errors="0">
  <testcase name="verifyOrangeHRM" time="14.271" classname="TestScripts.Tc1_Login"/>
</testsuite> <!-- TestScripts.Tc1_Login -->
